  [1m[36m (0.1ms)[0m  [1mselect sqlite_version(*)[0m
  [1m[35m (1.7ms)[0m  CREATE TABLE "schema_migrations" ("version" varchar(255) NOT NULL) 
  [1m[36m (0.1ms)[0m  [1mPRAGMA index_list("schema_migrations")[0m
  [1m[35m (2.2ms)[0m  CREATE UNIQUE INDEX "unique_schema_migrations" ON "schema_migrations" ("version")
  [1m[36m (0.1ms)[0m  [1mSELECT "schema_migrations"."version" FROM "schema_migrations" [0m
Migrating to DeviseCreateUsers (20111108222702)
  [1m[35m (0.6ms)[0m  CREATE TABLE "users" ("id" INTEGER PRIMARY KEY AUTOINCREMENT NOT NULL, "email" varchar(255) DEFAULT '' NOT NULL, "encrypted_password" varchar(128) DEFAULT '' NOT NULL, "reset_password_token" varchar(255), "reset_password_sent_at" datetime, "remember_created_at" datetime, "sign_in_count" integer DEFAULT 0, "current_sign_in_at" datetime, "last_sign_in_at" datetime, "current_sign_in_ip" varchar(255), "last_sign_in_ip" varchar(255), "created_at" datetime, "updated_at" datetime) 
  [1m[36m (0.0ms)[0m  [1mPRAGMA index_list("users")[0m
  [1m[35m (0.5ms)[0m  CREATE UNIQUE INDEX "index_users_on_email" ON "users" ("email")
  [1m[36m (0.0ms)[0m  [1mPRAGMA index_list("users")[0m
  [1m[35m (0.0ms)[0m  PRAGMA index_info('index_users_on_email')
  [1m[36m (0.2ms)[0m  [1mCREATE UNIQUE INDEX "index_users_on_reset_password_token" ON "users" ("reset_password_token")[0m
  [1m[35m (0.1ms)[0m  INSERT INTO "schema_migrations" ("version") VALUES ('20111108222702')
  [1m[36m (0.4ms)[0m  [1mselect sqlite_version(*)[0m
  [1m[35m (0.2ms)[0m  SELECT "schema_migrations"."version" FROM "schema_migrations" 
  [1m[36m (0.1ms)[0m  [1mPRAGMA index_list("users")[0m
  [1m[35m (0.0ms)[0m  PRAGMA index_info('index_users_on_reset_password_token')
  [1m[36m (0.0ms)[0m  [1mPRAGMA index_info('index_users_on_email')[0m


Started GET "/assets/rails.png" for 127.0.0.1 at 2011-11-08 20:27:24 -0200
Served asset /rails.png - 200 OK (5ms)


Started GET "/users/sign_up" for 127.0.0.1 at 2011-11-08 20:27:32 -0200
  Processing by Devise::RegistrationsController#new as HTML
Rendered /Users/flores/.rbenv/versions/1.9.3-p0/lib/ruby/gems/1.9.1/gems/devise-1.4.9/app/views/devise/shared/_links.erb (2.1ms)
Rendered /Users/flores/.rbenv/versions/1.9.3-p0/lib/ruby/gems/1.9.1/gems/devise-1.4.9/app/views/devise/registrations/new.html.erb within layouts/application (54.7ms)
Compiled application.css  (0ms)  (pid 58461)
Compiled application.js  (6ms)  (pid 58461)
Compiled jquery.js  (38ms)  (pid 58461)
Compiled jquery_ujs.js  (1ms)  (pid 58461)
Completed 200 OK in 274ms (Views: 207.5ms | ActiveRecord: 1.2ms)


Started GET "/assets/jquery_ujs.js?body=1" for 127.0.0.1 at 2011-11-08 20:27:32 -0200
Served asset /jquery_ujs.js - 200 OK (22ms)


Started GET "/assets/application.css?body=1" for 127.0.0.1 at 2011-11-08 20:27:33 -0200
Served asset /application.css - 200 OK (0ms)


Started GET "/assets/jquery.js?body=1" for 127.0.0.1 at 2011-11-08 20:27:33 -0200
Served asset /jquery.js - 304 Not Modified (7ms)


Started GET "/assets/application.js?body=1" for 127.0.0.1 at 2011-11-08 20:27:33 -0200
Served asset /application.js - 200 OK (0ms)


Started POST "/users" for 127.0.0.1 at 2011-11-08 20:27:39 -0200
  Processing by Devise::RegistrationsController#create as HTML
  Parameters: {"utf8"=>"✓", "authenticity_token"=>"afUz2YdnNsvCDjbmwZ2pQ6pwYtJIyZXNxE0lMpiyM0U=", "user"=>{"email"=>"a@b.com", "password"=>"[FILTERED]", "password_confirmation"=>"[FILTERED]"}, "commit"=>"Sign up"}
  [1m[36m (0.1ms)[0m  [1mSELECT 1 FROM "users" WHERE "users"."email" = 'a@b.com' LIMIT 1[0m
Binary data inserted for `string` type on column `encrypted_password`
  [1m[35mSQL (4.1ms)[0m  INSERT INTO "users" ("created_at", "current_sign_in_at", "current_sign_in_ip", "email", "encrypted_password", "last_sign_in_at", "last_sign_in_ip", "remember_created_at", "reset_password_sent_at", "reset_password_token", "sign_in_count", "updated_at") VALUES (?, ?, ?, ?, ?, ?, ?, ?, ?, ?, ?, ?)  [["created_at", Tue, 08 Nov 2011 22:27:40 UTC +00:00], ["current_sign_in_at", nil], ["current_sign_in_ip", nil], ["email", "a@b.com"], ["encrypted_password", "$2a$10$O1k/N13CmQxw7ejMA5R0je/ptZztzd3MCCnC3jTuR/LUJ8JSDyDby"], ["last_sign_in_at", nil], ["last_sign_in_ip", nil], ["remember_created_at", nil], ["reset_password_sent_at", nil], ["reset_password_token", nil], ["sign_in_count", 0], ["updated_at", Tue, 08 Nov 2011 22:27:40 UTC +00:00]]
  [1m[36m (0.4ms)[0m  [1mUPDATE "users" SET "last_sign_in_at" = '2011-11-08 22:27:40.027913', "current_sign_in_at" = '2011-11-08 22:27:40.027913', "last_sign_in_ip" = '127.0.0.1', "current_sign_in_ip" = '127.0.0.1', "sign_in_count" = 1, "updated_at" = '2011-11-08 22:27:40.028416' WHERE "users"."id" = 1[0m
Completed 500 Internal Server Error in 252ms

NameError (undefined local variable or method `root_path' for #<Devise::RegistrationsController:0x007f8eabd333a8>):
  

Rendered /Users/flores/.rbenv/versions/1.9.3-p0/lib/ruby/gems/1.9.1/gems/actionpack-3.1.1/lib/action_dispatch/middleware/templates/rescues/_trace.erb (1.6ms)
Rendered /Users/flores/.rbenv/versions/1.9.3-p0/lib/ruby/gems/1.9.1/gems/actionpack-3.1.1/lib/action_dispatch/middleware/templates/rescues/_request_and_response.erb (1.9ms)
Rendered /Users/flores/.rbenv/versions/1.9.3-p0/lib/ruby/gems/1.9.1/gems/actionpack-3.1.1/lib/action_dispatch/middleware/templates/rescues/diagnostics.erb within rescues/layout (6.5ms)


Started GET "/users/sign_out" for 127.0.0.1 at 2011-11-08 20:27:46 -0200

ActionController::RoutingError (No route matches [GET] "/users/sign_out"):
  

Rendered /Users/flores/.rbenv/versions/1.9.3-p0/lib/ruby/gems/1.9.1/gems/actionpack-3.1.1/lib/action_dispatch/middleware/templates/rescues/routing_error.erb within rescues/layout (0.7ms)


Started GET "/users/sign_in" for 127.0.0.1 at 2011-11-08 20:28:09 -0200
  Processing by Devise::SessionsController#new as HTML
Rendered /Users/flores/.rbenv/versions/1.9.3-p0/lib/ruby/gems/1.9.1/gems/devise-1.4.9/app/views/devise/shared/_links.erb (1.0ms)
Rendered /Users/flores/.rbenv/versions/1.9.3-p0/lib/ruby/gems/1.9.1/gems/devise-1.4.9/app/views/devise/sessions/new.html.erb within layouts/application (5.6ms)
Completed 200 OK in 43ms (Views: 13.5ms | ActiveRecord: 0.7ms)


Started GET "/assets/jquery.js?body=1" for 127.0.0.1 at 2011-11-08 20:28:09 -0200
Served asset /jquery.js - 304 Not Modified (0ms)


Started GET "/users/password/new" for 127.0.0.1 at 2011-11-08 20:28:12 -0200
  Processing by Devise::PasswordsController#new as HTML
Rendered /Users/flores/.rbenv/versions/1.9.3-p0/lib/ruby/gems/1.9.1/gems/devise-1.4.9/app/views/devise/shared/_links.erb (1.3ms)
Rendered /Users/flores/.rbenv/versions/1.9.3-p0/lib/ruby/gems/1.9.1/gems/devise-1.4.9/app/views/devise/passwords/new.html.erb within layouts/application (21.3ms)
Completed 200 OK in 42ms (Views: 27.6ms | ActiveRecord: 0.7ms)


Started GET "/assets/jquery.js?body=1" for 127.0.0.1 at 2011-11-08 20:28:12 -0200
Served asset /jquery.js - 304 Not Modified (0ms)


Started POST "/users/password" for 127.0.0.1 at 2011-11-08 20:28:15 -0200
  Processing by Devise::PasswordsController#create as HTML
  Parameters: {"utf8"=>"✓", "authenticity_token"=>"afUz2YdnNsvCDjbmwZ2pQ6pwYtJIyZXNxE0lMpiyM0U=", "user"=>{"email"=>"a@b.com"}, "commit"=>"Send me reset password instructions"}
  [1m[35mUser Load (0.2ms)[0m  SELECT "users".* FROM "users" WHERE "users"."email" = 'a@b.com' LIMIT 1
  [1m[36mUser Load (0.2ms)[0m  [1mSELECT "users".* FROM "users" WHERE "users"."reset_password_token" = 'qZVbu33RuKyy3ycFpwit' LIMIT 1[0m
  [1m[35m (0.4ms)[0m  UPDATE "users" SET "reset_password_token" = 'qZVbu33RuKyy3ycFpwit', "reset_password_sent_at" = '2011-11-08 22:28:15.375000', "updated_at" = '2011-11-08 22:28:15.375997' WHERE "users"."id" = 1
Rendered /Users/flores/.rbenv/versions/1.9.3-p0/lib/ruby/gems/1.9.1/gems/devise-1.4.9/app/views/devise/mailer/reset_password_instructions.html.erb (7.1ms)
Completed 500 Internal Server Error in 1794ms

ActionView::Template::Error (Missing host to link to! Please provide the :host parameter, set default_url_options[:host], or set :only_path to true):
    2: 
    3: <p>Someone has requested a link to change your password, and you can do this through the link below.</p>
    4: 
    5: <p><%= link_to 'Change my password', edit_password_url(@resource, :reset_password_token => @resource.reset_password_token) %></p>
    6: 
    7: <p>If you didn't request this, please ignore this email.</p>
    8: <p>Your password won't change until you access the link above and create a new one.</p>
  

Rendered /Users/flores/.rbenv/versions/1.9.3-p0/lib/ruby/gems/1.9.1/gems/actionpack-3.1.1/lib/action_dispatch/middleware/templates/rescues/_trace.erb (2.0ms)
Rendered /Users/flores/.rbenv/versions/1.9.3-p0/lib/ruby/gems/1.9.1/gems/actionpack-3.1.1/lib/action_dispatch/middleware/templates/rescues/_request_and_response.erb (1.2ms)
Rendered /Users/flores/.rbenv/versions/1.9.3-p0/lib/ruby/gems/1.9.1/gems/actionpack-3.1.1/lib/action_dispatch/middleware/templates/rescues/template_error.erb within rescues/layout (5.8ms)


Started POST "/users/password" for 127.0.0.1 at 2011-11-08 20:29:02 -0200
  Processing by Devise::PasswordsController#create as HTML
  Parameters: {"utf8"=>"✓", "authenticity_token"=>"afUz2YdnNsvCDjbmwZ2pQ6pwYtJIyZXNxE0lMpiyM0U=", "user"=>{"email"=>"a@b.com"}, "commit"=>"Send me reset password instructions"}
  [1m[36mUser Load (0.2ms)[0m  [1mSELECT "users".* FROM "users" WHERE "users"."email" = 'a@b.com' LIMIT 1[0m
Rendered /Users/flores/.rbenv/versions/1.9.3-p0/lib/ruby/gems/1.9.1/gems/devise-1.4.9/app/views/devise/mailer/reset_password_instructions.html.erb (1.8ms)
Completed 500 Internal Server Error in 135ms

ActionView::Template::Error (Missing host to link to! Please provide the :host parameter, set default_url_options[:host], or set :only_path to true):
    2: 
    3: <p>Someone has requested a link to change your password, and you can do this through the link below.</p>
    4: 
    5: <p><%= link_to 'Change my password', edit_password_url(@resource, :reset_password_token => @resource.reset_password_token) %></p>
    6: 
    7: <p>If you didn't request this, please ignore this email.</p>
    8: <p>Your password won't change until you access the link above and create a new one.</p>
  

Rendered /Users/flores/.rbenv/versions/1.9.3-p0/lib/ruby/gems/1.9.1/gems/actionpack-3.1.1/lib/action_dispatch/middleware/templates/rescues/_trace.erb (1.6ms)
Rendered /Users/flores/.rbenv/versions/1.9.3-p0/lib/ruby/gems/1.9.1/gems/actionpack-3.1.1/lib/action_dispatch/middleware/templates/rescues/_request_and_response.erb (1.2ms)
Rendered /Users/flores/.rbenv/versions/1.9.3-p0/lib/ruby/gems/1.9.1/gems/actionpack-3.1.1/lib/action_dispatch/middleware/templates/rescues/template_error.erb within rescues/layout (5.6ms)


Started GET "/assets/rails.png" for 127.0.0.1 at 2011-11-08 20:34:03 -0200
Served asset /rails.png - 304 Not Modified (0ms)


Started GET "/users/sign_in" for 127.0.0.1 at 2011-11-08 20:34:08 -0200
  Processing by Devise::SessionsController#new as HTML
Rendered devise/shared/_links.erb (2.3ms)
Rendered devise/sessions/new.html.erb within layouts/application (7.9ms)
Completed 200 OK in 52ms (Views: 15.4ms | ActiveRecord: 0.7ms)


Started GET "/assets/application.css?body=1" for 127.0.0.1 at 2011-11-08 20:34:09 -0200
Served asset /application.css - 304 Not Modified (0ms)


Started GET "/assets/jquery.js?body=1" for 127.0.0.1 at 2011-11-08 20:34:09 -0200
Served asset /jquery.js - 304 Not Modified (0ms)


Started GET "/assets/application.js?body=1" for 127.0.0.1 at 2011-11-08 20:34:09 -0200
Served asset /application.js - 304 Not Modified (0ms)


Started GET "/users/password/new" for 127.0.0.1 at 2011-11-08 20:34:11 -0200
  Processing by Devise::PasswordsController#new as HTML
Rendered devise/shared/_links.erb (1.0ms)
Rendered devise/passwords/new.html.erb within layouts/application (26.3ms)
Completed 200 OK in 49ms (Views: 33.2ms | ActiveRecord: 0.8ms)


Started GET "/assets/application.css?body=1" for 127.0.0.1 at 2011-11-08 20:34:11 -0200
Served asset /application.css - 304 Not Modified (0ms)


Started GET "/assets/jquery.js?body=1" for 127.0.0.1 at 2011-11-08 20:34:11 -0200
Served asset /jquery.js - 304 Not Modified (0ms)


Started GET "/assets/application.js?body=1" for 127.0.0.1 at 2011-11-08 20:34:11 -0200
Served asset /application.js - 304 Not Modified (0ms)


Started POST "/users/password" for 127.0.0.1 at 2011-11-08 20:34:13 -0200
  Processing by Devise::PasswordsController#create as HTML
  Parameters: {"utf8"=>"✓", "authenticity_token"=>"afUz2YdnNsvCDjbmwZ2pQ6pwYtJIyZXNxE0lMpiyM0U=", "user"=>{"email"=>"a@b.com"}, "commit"=>"Send me reset password instructions"}
  [1m[35mUser Load (0.2ms)[0m  SELECT "users".* FROM "users" WHERE "users"."email" = 'a@b.com' LIMIT 1
Rendered devise/mailer/reset_password_instructions.html.erb (1.2ms)

Sent mail to a@b.com (25ms)
Date: Tue, 08 Nov 2011 20:34:13 -0200
From: please-change-me-at-config-initializers-devise@example.com
Reply-To: please-change-me-at-config-initializers-devise@example.com
To: a@b.com
Message-ID: <4eb9ae656d749_e45d3fc7566fc6f8619af@Suomi.local.mail>
Subject: Reset password instructions
Mime-Version: 1.0
Content-Type: text/html;
 charset=UTF-8
Content-Transfer-Encoding: 7bit

<p>Hello a@b.com!</p>

<p>Someone has requested a link to change your password, and you can do this through the link below.</p>

<p><a href="/users/password/edit?reset_password_token=qZVbu33RuKyy3ycFpwit">Change my password</a></p>

<p>If you didn't request this, please ignore this email.</p>
<p>Your password won't change until you access the link above and create a new one.</p>
Redirected to http://localhost:3000/users/sign_in
Completed 302 Found in 131ms


Started GET "/users/sign_in" for 127.0.0.1 at 2011-11-08 20:34:13 -0200
  Processing by Devise::SessionsController#new as HTML
Rendered devise/shared/_links.erb (0.9ms)
Rendered devise/sessions/new.html.erb within layouts/application (4.8ms)
Completed 200 OK in 44ms (Views: 11.8ms | ActiveRecord: 0.8ms)


Started GET "/assets/application.css?body=1" for 127.0.0.1 at 2011-11-08 20:34:13 -0200
Served asset /application.css - 304 Not Modified (0ms)


Started GET "/assets/application.js?body=1" for 127.0.0.1 at 2011-11-08 20:34:13 -0200
Served asset /application.js - 304 Not Modified (0ms)


Started GET "/assets/jquery.js?body=1" for 127.0.0.1 at 2011-11-08 20:34:13 -0200
Served asset /jquery.js - 304 Not Modified (0ms)


Started GET "/users/password/new" for 127.0.0.1 at 2011-11-08 20:34:55 -0200
  Processing by Devise::PasswordsController#new as HTML
Rendered devise/shared/_links.erb (1.1ms)
Rendered devise/passwords/new.html.erb within layouts/application (20.6ms)
Completed 200 OK in 80ms (Views: 26.9ms | ActiveRecord: 0.7ms)


Started GET "/assets/application.css?body=1" for 127.0.0.1 at 2011-11-08 20:34:56 -0200
Served asset /application.css - 304 Not Modified (0ms)


Started GET "/assets/jquery.js?body=1" for 127.0.0.1 at 2011-11-08 20:34:56 -0200
Served asset /jquery.js - 304 Not Modified (0ms)


Started GET "/assets/application.js?body=1" for 127.0.0.1 at 2011-11-08 20:34:56 -0200
Served asset /application.js - 304 Not Modified (0ms)


Started POST "/users/password" for 127.0.0.1 at 2011-11-08 20:34:58 -0200
  Processing by Devise::PasswordsController#create as HTML
  Parameters: {"utf8"=>"✓", "authenticity_token"=>"afUz2YdnNsvCDjbmwZ2pQ6pwYtJIyZXNxE0lMpiyM0U=", "user"=>{"email"=>"a@b.com"}, "commit"=>"Send me reset password instructions"}
  [1m[36mUser Load (0.2ms)[0m  [1mSELECT "users".* FROM "users" WHERE "users"."email" = 'a@b.com' LIMIT 1[0m
Rendered devise/mailer/reset_password_instructions.html.erb (1.2ms)

Sent mail to a@b.com (10ms)
Date: Tue, 08 Nov 2011 20:34:58 -0200
From: please-change-me-at-config-initializers-devise@example.com
Reply-To: please-change-me-at-config-initializers-devise@example.com
To: a@b.com
Message-ID: <4eb9ae9295174_e45d3fc755e17740620f6@Suomi.local.mail>
Subject: Reset password instructions
Mime-Version: 1.0
Content-Type: text/html;
 charset=UTF-8
Content-Transfer-Encoding: 7bit

<p>Hello a@b.com!</p>

<p>Someone has requested a link to change your password, and you can do this through the link below.</p>

<p><a href="http://localhost/users/password/edit?reset_password_token=qZVbu33RuKyy3ycFpwit">Change my password</a></p>

<p>If you didn't request this, please ignore this email.</p>
<p>Your password won't change until you access the link above and create a new one.</p>
Redirected to http://localhost:3000/users/sign_in
Completed 302 Found in 108ms


Started GET "/users/sign_in" for 127.0.0.1 at 2011-11-08 20:34:58 -0200
  Processing by Devise::SessionsController#new as HTML
Rendered devise/shared/_links.erb (1.1ms)
Rendered devise/sessions/new.html.erb within layouts/application (5.4ms)
Completed 200 OK in 48ms (Views: 12.3ms | ActiveRecord: 0.9ms)


Started GET "/assets/application.css?body=1" for 127.0.0.1 at 2011-11-08 20:34:58 -0200
Served asset /application.css - 304 Not Modified (0ms)


Started GET "/assets/jquery.js?body=1" for 127.0.0.1 at 2011-11-08 20:34:58 -0200
Served asset /jquery.js - 304 Not Modified (0ms)


Started GET "/assets/application.js?body=1" for 127.0.0.1 at 2011-11-08 20:34:58 -0200
Served asset /application.js - 304 Not Modified (0ms)


Started GET "/users/password/new" for 127.0.0.1 at 2011-11-08 20:38:07 -0200
  Processing by Devise::PasswordsController#new as HTML
Rendered devise/shared/_links.erb (2.4ms)
Rendered devise/passwords/new.html.erb within layouts/application (31.8ms)
Completed 200 OK in 129ms (Views: 64.0ms | ActiveRecord: 1.5ms)


Started GET "/assets/jquery.js?body=1" for 127.0.0.1 at 2011-11-08 20:38:08 -0200
Served asset /jquery.js - 304 Not Modified (9ms)


Started GET "/assets/application.css?body=1" for 127.0.0.1 at 2011-11-08 20:38:08 -0200
Served asset /application.css - 304 Not Modified (0ms)


Started GET "/assets/jquery_ujs.js?body=1" for 127.0.0.1 at 2011-11-08 20:38:08 -0200
Served asset /jquery_ujs.js - 304 Not Modified (2ms)


Started GET "/assets/application.js?body=1" for 127.0.0.1 at 2011-11-08 20:38:08 -0200
Served asset /application.js - 304 Not Modified (0ms)


Started GET "/assets/rails.png" for 127.0.0.1 at 2011-11-08 20:41:16 -0200
Served asset /rails.png - 304 Not Modified (3ms)


Started GET "/users/sign_in" for 127.0.0.1 at 2011-11-08 20:41:21 -0200
  Processing by Devise::SessionsController#new as HTML
Rendered devise/shared/_links.erb (2.0ms)
Rendered devise/sessions/new.html.erb within layouts/application (14.4ms)
Completed 200 OK in 196ms (Views: 66.6ms | ActiveRecord: 1.3ms)


Started GET "/assets/application.css?body=1" for 127.0.0.1 at 2011-11-08 20:41:21 -0200
Served asset /application.css - 304 Not Modified (0ms)


Started GET "/assets/jquery.js?body=1" for 127.0.0.1 at 2011-11-08 20:41:21 -0200
Served asset /jquery.js - 304 Not Modified (5ms)


Started GET "/assets/application.js?body=1" for 127.0.0.1 at 2011-11-08 20:41:21 -0200
Served asset /application.js - 304 Not Modified (0ms)


Started GET "/assets/jquery_ujs.js?body=1" for 127.0.0.1 at 2011-11-08 20:41:21 -0200
Served asset /jquery_ujs.js - 304 Not Modified (1ms)


Started GET "/users/password/new" for 127.0.0.1 at 2011-11-08 20:41:23 -0200
  Processing by Devise::PasswordsController#new as HTML
Rendered devise/shared/_links.erb (16.8ms)
Rendered devise/passwords/new.html.erb within layouts/application (42.1ms)
Completed 200 OK in 121ms (Views: 96.3ms | ActiveRecord: 0.9ms)


Started GET "/assets/application.css?body=1" for 127.0.0.1 at 2011-11-08 20:41:23 -0200
Served asset /application.css - 304 Not Modified (0ms)


Started GET "/assets/jquery.js?body=1" for 127.0.0.1 at 2011-11-08 20:41:24 -0200
Served asset /jquery.js - 304 Not Modified (0ms)


Started GET "/assets/jquery_ujs.js?body=1" for 127.0.0.1 at 2011-11-08 20:41:24 -0200
Served asset /jquery_ujs.js - 304 Not Modified (0ms)


Started GET "/assets/application.js?body=1" for 127.0.0.1 at 2011-11-08 20:41:24 -0200
Served asset /application.js - 304 Not Modified (0ms)


Started POST "/users/password" for 127.0.0.1 at 2011-11-08 20:41:26 -0200
  Processing by Devise::PasswordsController#create as HTML
  Parameters: {"utf8"=>"✓", "authenticity_token"=>"afUz2YdnNsvCDjbmwZ2pQ6pwYtJIyZXNxE0lMpiyM0U=", "user"=>{"email"=>"a@b.com"}, "commit"=>"Send me reset password instructions"}
  [1m[36mUser Load (0.2ms)[0m  [1mSELECT "users".* FROM "users" WHERE "users"."email" = 'a@b.com' LIMIT 1[0m
Rendered devise/mailer/reset_password_instructions.html.erb (7.2ms)
Completed 500 Internal Server Error in 1672ms

ActionView::Template::Error (Missing host to link to! Please provide the :host parameter, set default_url_options[:host], or set :only_path to true):
    2: 
    3: <p>Someone has requested a link to change your password, and you can do this through the link below.</p>
    4: 
    5: <p><%= link_to 'Change my password', edit_password_url(@resource, :reset_password_token => @resource.reset_password_token) %></p>
    6: 
    7: <p>If you didn't request this, please ignore this email.</p>
    8: <p>Your password won't change until you access the link above and create a new one.</p>
  app/views/devise/mailer/reset_password_instructions.html.erb:5:in `_app_views_devise_mailer_reset_password_instructions_html_erb___246897602337231014_70200334811740'

Rendered /Users/flores/.rbenv/versions/1.9.3-p0/lib/ruby/gems/1.9.1/gems/actionpack-3.1.1/lib/action_dispatch/middleware/templates/rescues/_trace.erb (1.6ms)
Rendered /Users/flores/.rbenv/versions/1.9.3-p0/lib/ruby/gems/1.9.1/gems/actionpack-3.1.1/lib/action_dispatch/middleware/templates/rescues/_request_and_response.erb (1.4ms)
Rendered /Users/flores/.rbenv/versions/1.9.3-p0/lib/ruby/gems/1.9.1/gems/actionpack-3.1.1/lib/action_dispatch/middleware/templates/rescues/template_error.erb within rescues/layout (6.8ms)


Started POST "/users/password" for 127.0.0.1 at 2011-11-08 20:41:45 -0200
  Processing by Devise::PasswordsController#create as HTML
  Parameters: {"utf8"=>"✓", "authenticity_token"=>"afUz2YdnNsvCDjbmwZ2pQ6pwYtJIyZXNxE0lMpiyM0U=", "user"=>{"email"=>"a@b.com"}, "commit"=>"Send me reset password instructions"}
  [1m[36mUser Load (0.3ms)[0m  [1mSELECT "users".* FROM "users" WHERE "users"."email" = 'a@b.com' LIMIT 1[0m
Rendered devise/mailer/reset_password_instructions.html.erb (11.3ms)
Completed 500 Internal Server Error in 1797ms

ActionView::Template::Error (Missing host to link to! Please provide the :host parameter, set default_url_options[:host], or set :only_path to true):
    2: 
    3: <p>Someone has requested a link to change your password, and you can do this through the link below.</p>
    4: 
    5: <p><%= link_to 'Change my password', edit_password_url(@resource, :reset_password_token => @resource.reset_password_token) %></p>
    6: 
    7: <p>If you didn't request this, please ignore this email.</p>
    8: <p>Your password won't change until you access the link above and create a new one.</p>
  app/views/devise/mailer/reset_password_instructions.html.erb:5:in `_app_views_devise_mailer_reset_password_instructions_html_erb__15527972242470828_70105638779680'

Rendered /Users/flores/.rbenv/versions/1.9.3-p0/lib/ruby/gems/1.9.1/gems/actionpack-3.1.1/lib/action_dispatch/middleware/templates/rescues/_trace.erb (1.5ms)
Rendered /Users/flores/.rbenv/versions/1.9.3-p0/lib/ruby/gems/1.9.1/gems/actionpack-3.1.1/lib/action_dispatch/middleware/templates/rescues/_request_and_response.erb (1.1ms)
Rendered /Users/flores/.rbenv/versions/1.9.3-p0/lib/ruby/gems/1.9.1/gems/actionpack-3.1.1/lib/action_dispatch/middleware/templates/rescues/template_error.erb within rescues/layout (4.9ms)


Started POST "/users/password" for 127.0.0.1 at 2011-11-08 20:42:34 -0200
  Processing by Devise::PasswordsController#create as HTML
  Parameters: {"utf8"=>"✓", "authenticity_token"=>"afUz2YdnNsvCDjbmwZ2pQ6pwYtJIyZXNxE0lMpiyM0U=", "user"=>{"email"=>"a@b.com"}, "commit"=>"Send me reset password instructions"}
  [1m[36mUser Load (0.2ms)[0m  [1mSELECT "users".* FROM "users" WHERE "users"."email" = 'a@b.com' LIMIT 1[0m
Rendered devise/mailer/reset_password_instructions.html.erb (4.5ms)

Sent mail to a@b.com (56ms)
Date: Tue, 08 Nov 2011 20:42:36 -0200
From: please-change-me-at-config-initializers-devise@example.com
Reply-To: please-change-me-at-config-initializers-devise@example.com
To: a@b.com
Message-ID: <4eb9b05c833a0_e63d3fd92d52137c454d2@Suomi.local.mail>
Subject: Reset password instructions
Mime-Version: 1.0
Content-Type: text/html;
 charset=UTF-8
Content-Transfer-Encoding: 7bit

<p>Hello a@b.com!</p>

<p>Someone has requested a link to change your password, and you can do this through the link below.</p>

<p><a href="http://foo.com/users/password/edit?reset_password_token=qZVbu33RuKyy3ycFpwit">Change my password</a></p>

<p>If you didn't request this, please ignore this email.</p>
<p>Your password won't change until you access the link above and create a new one.</p>
Redirected to http://localhost:3000/users/sign_in
Completed 302 Found in 1665ms


Started GET "/users/sign_in" for 127.0.0.1 at 2011-11-08 20:42:36 -0200
  Processing by Devise::SessionsController#new as HTML
Rendered devise/shared/_links.erb (2.0ms)
Rendered devise/sessions/new.html.erb within layouts/application (11.3ms)
Completed 200 OK in 96ms (Views: 27.0ms | ActiveRecord: 0.8ms)


Started GET "/assets/application.css?body=1" for 127.0.0.1 at 2011-11-08 20:42:36 -0200
Served asset /application.css - 304 Not Modified (0ms)


Started GET "/assets/jquery.js?body=1" for 127.0.0.1 at 2011-11-08 20:42:36 -0200
Served asset /jquery.js - 304 Not Modified (11ms)


Started GET "/assets/application.js?body=1" for 127.0.0.1 at 2011-11-08 20:42:36 -0200
Served asset /application.js - 304 Not Modified (0ms)


Started GET "/assets/jquery_ujs.js?body=1" for 127.0.0.1 at 2011-11-08 20:42:36 -0200
Served asset /jquery_ujs.js - 304 Not Modified (3ms)
